<?xml version="1.0" encoding="UTF-8"?>
<!-- Generated by org.testng.reporters.JUnitXMLReporter -->
<testsuite hostname="LAPTOP-EQ65NQ75" ignored="0" name="Default test" tests="3" failures="0" timestamp="20 May 2021 14:44:57 GMT" time="1512.918" errors="0">
  <testcase name="testGoogleDriveLogin" time="2.086" classname="DriveTestPackage.GDriveTest"/>
  <testcase name="testPreview" time="1498.64" classname="DriveTestPackage.GDriveTest"/>
  <testcase name="testDownload" time="12.159" classname="DriveTestPackage.GDriveTest"/>
</testsuite> <!-- Default test -->
