<?xml version="1.0" encoding="UTF-8"?>
<!-- Generated by org.testng.reporters.JUnitXMLReporter -->
<testsuite hostname="LAPTOP-EQ65NQ75" ignored="0" name="Default test" tests="3" failures="0" timestamp="13 May 2021 21:06:33 GMT" time="14.145" errors="0">
  <testcase name="testGoogleDriveLogin" time="3.778" classname="DriveTestPackage.GDriveTest"/>
  <testcase name="testPreview" time="8.129" classname="DriveTestPackage.GDriveTest"/>
  <testcase name="testDownload" time="2.162" classname="DriveTestPackage.GDriveTest"/>
</testsuite> <!-- Default test -->
