<?xml version="1.0" encoding="UTF-8"?>
<testng-results skipped="0" failed="0" ignored="0" total="3" passed="3">
  <reporter-output>
  </reporter-output>
  <suite name="DriveTestPackage.GDriveTest" duration-ms="42539" started-at="2021-05-17T19:50:37Z" finished-at="2021-05-17T19:51:20Z">
    <groups>
    </groups>
    <test name="Command line test" duration-ms="42539" started-at="2021-05-17T19:50:37Z" finished-at="2021-05-17T19:51:20Z">
      <class name="DriveTestPackage.GDriveTest">
        <test-method status="PASS" signature="testGoogleDriveLogin()[pri:1, instance:DriveTestPackage.GDriveTest@79517588]" name="testGoogleDriveLogin" duration-ms="7089" started-at="2021-05-17T19:50:37Z" finished-at="2021-05-17T19:50:44Z">
          <reporter-output>
          </reporter-output>
        </test-method> <!-- testGoogleDriveLogin -->
        <test-method status="PASS" signature="testPreview()[pri:2, instance:DriveTestPackage.GDriveTest@79517588]" name="testPreview" duration-ms="19245" started-at="2021-05-17T19:50:44Z" finished-at="2021-05-17T19:51:04Z">
          <reporter-output>
          </reporter-output>
        </test-method> <!-- testPreview -->
        <test-method status="PASS" signature="testDownload()[pri:3, instance:DriveTestPackage.GDriveTest@79517588]" name="testDownload" duration-ms="15982" started-at="2021-05-17T19:51:04Z" finished-at="2021-05-17T19:51:20Z">
          <reporter-output>
          </reporter-output>
        </test-method> <!-- testDownload -->
      </class> <!-- DriveTestPackage.GDriveTest -->
    </test> <!-- Command line test -->
  </suite> <!-- DriveTestPackage.GDriveTest -->
</testng-results>
