<?xml version="1.0" encoding="UTF-8"?>
<!-- Generated by org.testng.reporters.JUnitXMLReporter -->
<testsuite hostname="LAPTOP-EQ65NQ75" ignored="0" name="Command line test" tests="3" failures="0" timestamp="20 May 2021 15:07:09 GMT" time="82.776" errors="0">
  <testcase name="testGoogleDriveLogin" time="0.088" classname="DriveTestPackage.GDriveTest"/>
  <testcase name="testPreview" time="70.584" classname="DriveTestPackage.GDriveTest"/>
  <testcase name="testDownload" time="12.035" classname="DriveTestPackage.GDriveTest"/>
</testsuite> <!-- Command line test -->
