<?xml version="1.0" encoding="UTF-8"?>
<testng-results skipped="0" failed="0" ignored="0" total="3" passed="3">
  <reporter-output>
  </reporter-output>
  <suite name="Default suite" duration-ms="14145" started-at="2021-05-13T21:06:19Z" finished-at="2021-05-13T21:06:33Z">
    <groups>
    </groups>
    <test name="Default test" duration-ms="14145" started-at="2021-05-13T21:06:19Z" finished-at="2021-05-13T21:06:33Z">
      <class name="DriveTestPackage.GDriveTest">
        <test-method status="PASS" signature="testGoogleDriveLogin()[pri:1, instance:DriveTestPackage.GDriveTest@7756c3cd]" name="testGoogleDriveLogin" duration-ms="3778" started-at="2021-05-13T21:06:19Z" finished-at="2021-05-13T21:06:23Z">
          <reporter-output>
          </reporter-output>
        </test-method> <!-- testGoogleDriveLogin -->
        <test-method status="PASS" signature="testPreview()[pri:2, instance:DriveTestPackage.GDriveTest@7756c3cd]" name="testPreview" duration-ms="8129" started-at="2021-05-13T21:06:23Z" finished-at="2021-05-13T21:06:31Z">
          <reporter-output>
          </reporter-output>
        </test-method> <!-- testPreview -->
        <test-method status="PASS" signature="testDownload()[pri:3, instance:DriveTestPackage.GDriveTest@7756c3cd]" name="testDownload" duration-ms="2162" started-at="2021-05-13T21:06:31Z" finished-at="2021-05-13T21:06:33Z">
          <reporter-output>
          </reporter-output>
        </test-method> <!-- testDownload -->
      </class> <!-- DriveTestPackage.GDriveTest -->
    </test> <!-- Default test -->
  </suite> <!-- Default suite -->
</testng-results>
